# JRE version: OpenJDK Runtime Environment (17.0.6) (build 17.0.6+0-b2043.56-9586694)
# Java VM: OpenJDK 64-Bit Server VM (17.0.6+0-b2043.56-9586694, mixed mode, tiered, compressed oops, compressed class ptrs, g1 gc, windows-amd64)
GC Precious Log:
 CPUs: 8 total, 8 available
 Memory: 6090M
 Large Page Support: Disabled
 NUMA Support: Disabled
 Compressed Oops: Enabled (32-bit)
 Heap Region Size: 1M
 Heap Min Capacity: 8M
 Heap Initial Capacity: 96M
 Heap Max Capacity: 2G
 Pre-touch: Disabled
 Parallel Workers: 8
 Concurrent Workers: 2
 Concurrent Refinement Workers: 8
 Periodic GC: Disabled
Heap:
 garbage-first heap   total 450560K, used 279898K [0x0000000080000000, 0x0000000100000000)
  region size 1024K, 84 young (86016K), 20 survivors (20480K)
 Metaspace       used 112730K, committed 113728K, reserved 1155072K
  class space    used 15033K, committed 15552K, reserved 1048576K
GC Heap History (20 events):
Event: 33.015 GC heap before
{Heap before GC invocations=83 (full 0):
 garbage-first heap   total 437248K, used 387841K [0x0000000080000000, 0x0000000100000000)
  region size 1024K, 243 young (248832K), 18 survivors (18432K)
 Metaspace       used 47180K, committed 47616K, reserved 1097728K
  class space    used 6224K, committed 6400K, reserved 1048576K
}
Event: 33.033 GC heap after
{Heap after GC invocations=84 (full 0):
 garbage-first heap   total 437248K, used 145928K [0x0000000080000000, 0x0000000100000000)
  region size 1024K, 19 young (19456K), 19 survivors (19456K)
 Metaspace       used 47180K, committed 47616K, reserved 1097728K
  class space    used 6224K, committed 6400K, reserved 1048576K
}
Event: 33.533 GC heap before
{Heap before GC invocations=84 (full 0):
 garbage-first heap   total 437248K, used 374280K [0x0000000080000000, 0x0000000100000000)
  region size 1024K, 240 young (245760K), 19 survivors (19456K)
 Metaspace       used 47180K, committed 47616K, reserved 1097728K
  class space    used 6224K, committed 6400K, reserved 1048576K
}
Event: 33.555 GC heap after
{Heap after GC invocations=85 (full 0):
 garbage-first heap   total 437248K, used 152801K [0x0000000080000000, 0x0000000100000000)
  region size 1024K, 20 young (20480K), 20 survivors (20480K)
 Metaspace       used 47180K, committed 47616K, reserved 1097728K
  class space    used 6224K, committed 6400K, reserved 1048576K
}
Event: 35.753 GC heap before
{Heap before GC invocations=85 (full 0):
 garbage-first heap   total 437248K, used 380129K [0x0000000080000000, 0x0000000100000000)
  region size 1024K, 234 young (239616K), 20 survivors (20480K)
 Metaspace       used 47217K, committed 47616K, reserved 1097728K
  class space    used 6226K, committed 6400K, reserved 1048576K
}
Event: 35.757 GC heap after
{Heap after GC invocations=86 (full 0):
 garbage-first heap   total 437248K, used 126198K [0x0000000080000000, 0x0000000100000000)
  region size 1024K, 5 young (5120K), 5 survivors (5120K)
 Metaspace       used 47217K, committed 47616K, reserved 1097728K
  class space    used 6226K, committed 6400K, reserved 1048576K
}
Event: 41.420 GC heap before
{Heap before GC invocations=86 (full 0):
 garbage-first heap   total 437248K, used 421110K [0x0000000080000000, 0x0000000100000000)
  region size 1024K, 256 young (262144K), 5 survivors (5120K)
 Metaspace       used 72800K, committed 73472K, reserved 1114112K
  class space    used 9611K, committed 9920K, reserved 1048576K
}
Event: 41.442 GC heap after
{Heap after GC invocations=87 (full 0):
 garbage-first heap   total 450560K, used 179372K [0x0000000080000000, 0x0000000100000000)
  region size 1024K, 27 young (27648K), 27 survivors (27648K)
 Metaspace       used 72800K, committed 73472K, reserved 1114112K
  class space    used 9611K, committed 9920K, reserved 1048576K
}
Event: 42.550 GC heap before
{Heap before GC invocations=87 (full 0):
 garbage-first heap   total 450560K, used 274604K [0x0000000080000000, 0x0000000100000000)
  region size 1024K, 121 young (123904K), 27 survivors (27648K)
 Metaspace       used 78271K, committed 78848K, reserved 1122304K
  class space    used 10375K, committed 10624K, reserved 1048576K
}
Event: 42.571 GC heap after
{Heap after GC invocations=88 (full 0):
 garbage-first heap   total 450560K, used 185765K [0x0000000080000000, 0x0000000100000000)
  region size 1024K, 8 young (8192K), 8 survivors (8192K)
 Metaspace       used 78271K, committed 78848K, reserved 1122304K
  class space    used 10375K, committed 10624K, reserved 1048576K
}
Event: 46.028 GC heap before
{Heap before GC invocations=89 (full 0):
 garbage-first heap   total 450560K, used 376229K [0x0000000080000000, 0x0000000100000000)
  region size 1024K, 197 young (201728K), 8 survivors (8192K)
 Metaspace       used 99310K, committed 100096K, reserved 1138688K
  class space    used 13505K, committed 13888K, reserved 1048576K
}
Event: 46.047 GC heap after
{Heap after GC invocations=90 (full 0):
 garbage-first heap   total 450560K, used 198455K [0x0000000080000000, 0x0000000100000000)
  region size 1024K, 24 young (24576K), 24 survivors (24576K)
 Metaspace       used 99310K, committed 100096K, reserved 1138688K
  class space    used 13505K, committed 13888K, reserved 1048576K
}
Event: 46.070 GC heap before
{Heap before GC invocations=90 (full 0):
 garbage-first heap   total 450560K, used 198455K [0x0000000080000000, 0x0000000100000000)
  region size 1024K, 25 young (25600K), 24 survivors (24576K)
 Metaspace       used 99492K, committed 100288K, reserved 1138688K
  class space    used 13525K, committed 13888K, reserved 1048576K
}
Event: 46.084 GC heap after
{Heap after GC invocations=91 (full 0):
 garbage-first heap   total 450560K, used 198043K [0x0000000080000000, 0x0000000100000000)
  region size 1024K, 3 young (3072K), 3 survivors (3072K)
 Metaspace       used 99492K, committed 100288K, reserved 1138688K
  class space    used 13525K, committed 13888K, reserved 1048576K
}
Event: 47.244 GC heap before
{Heap before GC invocations=91 (full 0):
 garbage-first heap   total 450560K, used 373147K [0x0000000080000000, 0x0000000100000000)
  region size 1024K, 172 young (176128K), 3 survivors (3072K)
 Metaspace       used 102284K, committed 103040K, reserved 1138688K
  class space    used 13916K, committed 14272K, reserved 1048576K
}
Event: 47.249 GC heap after
{Heap after GC invocations=92 (full 0):
 garbage-first heap   total 450560K, used 202591K [0x0000000080000000, 0x0000000100000000)
  region size 1024K, 5 young (5120K), 5 survivors (5120K)
 Metaspace       used 102284K, committed 103040K, reserved 1138688K
  class space    used 13916K, committed 14272K, reserved 1048576K
}
Event: 48.992 GC heap before
{Heap before GC invocations=92 (full 0):
 garbage-first heap   total 450560K, used 373599K [0x0000000080000000, 0x0000000100000000)
  region size 1024K, 173 young (177152K), 5 survivors (5120K)
 Metaspace       used 106497K, committed 107264K, reserved 1146880K
  class space    used 14298K, committed 14656K, reserved 1048576K
}
Event: 49.003 GC heap after
{Heap after GC invocations=93 (full 0):
 garbage-first heap   total 450560K, used 204497K [0x0000000080000000, 0x0000000100000000)
  region size 1024K, 9 young (9216K), 9 survivors (9216K)
 Metaspace       used 106497K, committed 107264K, reserved 1146880K
  class space    used 14298K, committed 14656K, reserved 1048576K
}
Event: 164.096 GC heap before
{Heap before GC invocations=93 (full 0):
 garbage-first heap   total 450560K, used 373457K [0x0000000080000000, 0x0000000100000000)
  region size 1024K, 175 young (179200K), 9 survivors (9216K)
 Metaspace       used 111116K, committed 112128K, reserved 1146880K
  class space    used 14839K, committed 15296K, reserved 1048576K
}
Event: 164.120 GC heap after
{Heap after GC invocations=94 (full 0):
 garbage-first heap   total 450560K, used 215386K [0x0000000080000000, 0x0000000100000000)
  region size 1024K, 20 young (20480K), 20 survivors (20480K)
 Metaspace       used 111116K, committed 112128K, reserved 1146880K
  class space    used 14839K, committed 15296K, reserved 1048576K
}

